2024-11-09 14:48:47,433 - ERROR - Device MAC address not found. Please pair your mobile device!
2024-11-09 14:48:47,437 - INFO - Monitoring proximity of devices: []
2024-11-09 14:48:48,008 - INFO - Device not found.
2024-11-09 14:50:24,648 - ERROR - Device MAC address not found. Please pair your mobile device!
2024-11-09 14:50:24,651 - INFO - Monitoring proximity of devices: []
2024-11-09 14:50:25,223 - INFO - Device not found.
2024-11-09 14:50:26,235 - INFO - Device not found.
2024-11-09 14:50:27,247 - INFO - Device not found.
2024-11-09 14:50:28,258 - INFO - Device not found.
2024-11-09 14:50:29,269 - INFO - Device not found.
2024-11-09 14:50:30,296 - INFO - Device not found.
2024-11-09 14:50:31,319 - INFO - Device not found.
2024-11-09 14:50:32,344 - INFO - Device not found.
2024-11-09 14:50:33,369 - INFO - Device not found.
2024-11-09 14:50:34,398 - INFO - Device not found.
2024-11-09 14:50:35,427 - INFO - Device not found.
2024-11-09 14:50:36,452 - INFO - Device not found.
2024-11-09 14:50:37,479 - INFO - Device not found.
2024-11-09 14:50:38,503 - INFO - Device not found.
2024-11-09 14:50:39,529 - INFO - Device not found.
2024-11-09 14:50:40,556 - INFO - Device not found.
2024-11-09 14:50:41,586 - INFO - Device not found.
2024-11-09 14:50:42,612 - INFO - Device not found.
2024-11-09 14:50:43,635 - INFO - Device not found.
2024-11-09 14:50:44,660 - INFO - Device not found.
2024-11-09 14:50:45,684 - INFO - Device not found.
2024-11-09 14:50:46,707 - INFO - Device not found.
2024-11-09 14:50:47,733 - INFO - Device not found.
2024-11-09 14:50:48,758 - INFO - Device not found.
2024-11-09 14:50:49,784 - INFO - Device not found.
2024-11-09 14:50:50,809 - INFO - Device not found.
2024-11-09 14:50:51,837 - INFO - Device not found.
2024-11-09 14:50:52,860 - INFO - Device not found.
2024-11-09 14:50:53,886 - INFO - Device not found.
2024-11-09 14:50:54,911 - INFO - Device not found.
2024-11-09 14:50:55,934 - INFO - Device not found.
2024-11-09 14:50:56,950 - INFO - Device not found.
2024-11-09 14:50:57,961 - INFO - Device not found.
2024-11-09 14:50:58,520 - INFO - Monitoring stopped.
2024-11-09 14:51:21,514 - INFO - Loaded devices: ['A0:4E:CF:2F:FE:7F']
2024-11-09 14:51:21,517 - INFO - Monitoring proximity of devices: ['A0:4E:CF:2F:FE:7F']
2024-11-09 14:51:22,094 - INFO - A0:4E:CF:2F:FE:7F RSSI: -61
2024-11-09 14:51:22,094 - INFO - Device is nearby! Logging proximity.
2024-11-09 14:51:23,107 - INFO - A0:4E:CF:2F:FE:7F RSSI: -61
2024-11-09 14:51:23,107 - INFO - Device is nearby! Logging proximity.
2024-11-09 14:51:24,119 - INFO - A0:4E:CF:2F:FE:7F RSSI: -61
2024-11-09 14:51:24,120 - INFO - Device is nearby! Logging proximity.
2024-11-09 14:51:25,137 - INFO - Device not found.
2024-11-09 14:51:26,159 - INFO - A0:4E:CF:2F:FE:7F RSSI: -58
2024-11-09 14:51:26,160 - INFO - Device is nearby! Logging proximity.
2024-11-09 14:51:27,182 - INFO - A0:4E:CF:2F:FE:7F RSSI: -60
2024-11-09 14:51:27,183 - INFO - Device is nearby! Logging proximity.
2024-11-09 14:51:28,209 - INFO - A0:4E:CF:2F:FE:7F RSSI: -64
2024-11-09 14:51:28,209 - INFO - Device is nearby! Logging proximity.
2024-11-09 14:51:29,236 - INFO - A0:4E:CF:2F:FE:7F RSSI: -62
2024-11-09 14:51:29,236 - INFO - Device is nearby! Logging proximity.
2024-11-09 14:51:30,261 - INFO - Device not found.
2024-11-09 14:51:31,282 - INFO - Device not found.
2024-11-09 14:51:32,311 - INFO - Device not found.
2024-11-09 14:51:33,333 - INFO - A0:4E:CF:2F:FE:7F RSSI: -62
2024-11-09 14:51:33,333 - INFO - Device is nearby! Logging proximity.
2024-11-09 14:51:34,357 - INFO - A0:4E:CF:2F:FE:7F RSSI: -60
2024-11-09 14:51:34,357 - INFO - Device is nearby! Logging proximity.
2024-11-09 14:51:34,861 - INFO - Monitoring stopped.
